<?xml version="1.0" encoding="UTF-8"?>
<testng-results skipped="0" failed="0" total="2" passed="2">
  <reporter-output>
  </reporter-output>
  <suite name="seleniumcn.cn.demo" duration-ms="72638" started-at="2015-10-18T08:31:54Z" finished-at="2015-10-18T08:33:06Z">
    <groups>
    </groups>
    <test name="test_seleniumcn" duration-ms="72638" started-at="2015-10-18T08:31:54Z" finished-at="2015-10-18T08:33:06Z">
      <class name="pageobject.Test163_testNG">
        <test-method status="PASS" signature="login()[pri:0, instance:pageobject.Test163_testNG@725bef66]" name="login" duration-ms="8889" started-at="2015-10-18T16:32:57Z" finished-at="2015-10-18T16:33:06Z">
          <reporter-output>
          </reporter-output>
        </test-method> <!-- login -->
        <test-method status="PASS" signature="closeBrowserSession()[pri:0, instance:pageobject.Test163_testNG@725bef66]" name="closeBrowserSession" is-config="true" duration-ms="24" started-at="2015-10-18T16:33:06Z" finished-at="2015-10-18T16:33:06Z">
          <reporter-output>
          </reporter-output>
        </test-method> <!-- closeBrowserSession -->
        <test-method status="PASS" signature="closeBrowserSession()[pri:0, instance:pageobject.TestAmazon2@11531931]" name="closeBrowserSession" is-config="true" duration-ms="12" started-at="2015-10-18T16:33:06Z" finished-at="2015-10-18T16:33:06Z">
          <reporter-output>
          </reporter-output>
        </test-method> <!-- closeBrowserSession -->
      </class> <!-- pageobject.Test163_testNG -->
      <class name="pageobject.TestAmazon2">
        <test-method status="PASS" signature="doBusiness()[pri:0, instance:pageobject.TestAmazon2@11531931]" name="doBusiness" duration-ms="63692" started-at="2015-10-18T16:31:54Z" finished-at="2015-10-18T16:32:57Z">
          <reporter-output>
          </reporter-output>
        </test-method> <!-- doBusiness -->
      </class> <!-- pageobject.TestAmazon2 -->
    </test> <!-- test_seleniumcn -->
  </suite> <!-- seleniumcn.cn.demo -->
</testng-results>
